[2025-07-06T05:18:48.088+0000] {taskinstance.py:1157} INFO - Dependencies all met for dep_context=non-requeueable deps ti=<TaskInstance: weather_data_pipeline.download_and_process manual__2025-07-06T05:18:40+00:00 map_index=2 [queued]>
[2025-07-06T05:18:48.094+0000] {taskinstance.py:1157} INFO - Dependencies all met for dep_context=requeueable deps ti=<TaskInstance: weather_data_pipeline.download_and_process manual__2025-07-06T05:18:40+00:00 map_index=2 [queued]>
[2025-07-06T05:18:48.095+0000] {taskinstance.py:1359} INFO - Starting attempt 1 of 2
[2025-07-06T05:18:48.106+0000] {taskinstance.py:1380} INFO - Executing <Mapped(_PythonDecoratedOperator): download_and_process> on 2025-07-06 05:18:40+00:00
[2025-07-06T05:18:48.109+0000] {standard_task_runner.py:57} INFO - Started process 268 to run task
[2025-07-06T05:18:48.173+0000] {standard_task_runner.py:84} INFO - Running: ['***', 'tasks', 'run', 'weather_data_pipeline', 'download_and_process', 'manual__2025-07-06T05:18:40+00:00', '--job-id', '191', '--raw', '--subdir', 'DAGS_FOLDER/weather_data_pipeline.py', '--cfg-path', '/tmp/tmp9ylhbqey', '--map-index', '2']
[2025-07-06T05:18:48.176+0000] {standard_task_runner.py:85} INFO - Job 191: Subtask download_and_process
[2025-07-06T05:18:48.188+0000] {logging_mixin.py:151} WARNING - /home/***/.local/lib/python3.8/site-packages/***/settings.py:195 DeprecationWarning: The sql_alchemy_conn option in [core] has been moved to the sql_alchemy_conn option in [database] - the old setting has been used, but please update your config.
[2025-07-06T05:18:48.292+0000] {task_command.py:415} INFO - Running <TaskInstance: weather_data_pipeline.download_and_process manual__2025-07-06T05:18:40+00:00 map_index=2 [running]> on host 31e09c8c81b8
[2025-07-06T05:18:49.499+0000] {taskinstance.py:1660} INFO - Exporting env vars: AIRFLOW_CTX_DAG_OWNER='***' AIRFLOW_CTX_DAG_ID='weather_data_pipeline' AIRFLOW_CTX_TASK_ID='download_and_process' AIRFLOW_CTX_EXECUTION_DATE='2025-07-06T05:18:40+00:00' AIRFLOW_CTX_TRY_NUMBER='1' AIRFLOW_CTX_DAG_RUN_ID='manual__2025-07-06T05:18:40+00:00'
[2025-07-06T05:18:49.500+0000] {logging_mixin.py:151} INFO - Starting download of 2022.csv.gz
[2025-07-06T05:18:49.571+0000] {base.py:73} INFO - Using connection ID 'noaa_http' for task execution.
[2025-07-06T05:18:49.571+0000] {logging_mixin.py:151} INFO - Downloading from: https://www.ncei.noaa.gov/pub/data/ghcn/daily/by_year/2022.csv.gz
[2025-07-06T05:18:49.576+0000] {base.py:73} INFO - Using connection ID 'noaa_http' for task execution.
[2025-07-06T05:26:09.705+0000] {logging_mixin.py:151} INFO - Download completed for 2022.csv.gz, size: 173368483 bytes
[2025-07-06T05:26:09.705+0000] {logging_mixin.py:151} INFO - Processing 2022.csv.gz in chunks of 10000 rows...
[2025-07-06T05:26:09.725+0000] {logging_mixin.py:151} INFO - Processed chunk 1, total rows so far: 10000
[2025-07-06T05:26:09.814+0000] {logging_mixin.py:151} INFO - Processed chunk 11, total rows so far: 110000
[2025-07-06T05:26:09.889+0000] {logging_mixin.py:151} INFO - Processed chunk 21, total rows so far: 210000
[2025-07-06T05:26:09.976+0000] {logging_mixin.py:151} INFO - Processed chunk 31, total rows so far: 310000
[2025-07-06T05:26:10.046+0000] {logging_mixin.py:151} INFO - Processed chunk 41, total rows so far: 410000
[2025-07-06T05:26:10.127+0000] {logging_mixin.py:151} INFO - Processed chunk 51, total rows so far: 510000
[2025-07-06T05:26:10.204+0000] {logging_mixin.py:151} INFO - Processed chunk 61, total rows so far: 610000
[2025-07-06T05:26:10.276+0000] {logging_mixin.py:151} INFO - Processed chunk 71, total rows so far: 710000
[2025-07-06T05:26:10.345+0000] {logging_mixin.py:151} INFO - Processed chunk 81, total rows so far: 810000
[2025-07-06T05:26:10.412+0000] {logging_mixin.py:151} INFO - Processed chunk 91, total rows so far: 910000
[2025-07-06T05:26:10.489+0000] {logging_mixin.py:151} INFO - Processed chunk 101, total rows so far: 1010000
[2025-07-06T05:26:10.557+0000] {logging_mixin.py:151} INFO - Processed chunk 111, total rows so far: 1110000
[2025-07-06T05:26:10.631+0000] {logging_mixin.py:151} INFO - Processed chunk 121, total rows so far: 1210000
[2025-07-06T05:26:10.710+0000] {logging_mixin.py:151} INFO - Processed chunk 131, total rows so far: 1310000
[2025-07-06T05:26:10.786+0000] {logging_mixin.py:151} INFO - Processed chunk 141, total rows so far: 1410000
[2025-07-06T05:26:10.858+0000] {logging_mixin.py:151} INFO - Processed chunk 151, total rows so far: 1510000
[2025-07-06T05:26:10.941+0000] {logging_mixin.py:151} INFO - Processed chunk 161, total rows so far: 1610000
[2025-07-06T05:26:11.068+0000] {logging_mixin.py:151} INFO - Processed chunk 171, total rows so far: 1710000
[2025-07-06T05:26:11.144+0000] {logging_mixin.py:151} INFO - Processed chunk 181, total rows so far: 1810000
[2025-07-06T05:26:11.222+0000] {logging_mixin.py:151} INFO - Processed chunk 191, total rows so far: 1910000
[2025-07-06T05:26:11.302+0000] {logging_mixin.py:151} INFO - Processed chunk 201, total rows so far: 2010000
[2025-07-06T05:26:11.388+0000] {logging_mixin.py:151} INFO - Processed chunk 211, total rows so far: 2110000
[2025-07-06T05:26:11.458+0000] {logging_mixin.py:151} INFO - Processed chunk 221, total rows so far: 2210000
[2025-07-06T05:26:11.533+0000] {logging_mixin.py:151} INFO - Processed chunk 231, total rows so far: 2310000
[2025-07-06T05:26:11.602+0000] {logging_mixin.py:151} INFO - Processed chunk 241, total rows so far: 2410000
[2025-07-06T05:26:11.688+0000] {logging_mixin.py:151} INFO - Processed chunk 251, total rows so far: 2510000
[2025-07-06T05:26:11.759+0000] {logging_mixin.py:151} INFO - Processed chunk 261, total rows so far: 2610000
[2025-07-06T05:26:11.831+0000] {logging_mixin.py:151} INFO - Processed chunk 271, total rows so far: 2710000
[2025-07-06T05:26:11.900+0000] {logging_mixin.py:151} INFO - Processed chunk 281, total rows so far: 2810000
[2025-07-06T05:26:11.969+0000] {logging_mixin.py:151} INFO - Processed chunk 291, total rows so far: 2910000
[2025-07-06T05:26:12.041+0000] {logging_mixin.py:151} INFO - Processed chunk 301, total rows so far: 3010000
[2025-07-06T05:26:12.112+0000] {logging_mixin.py:151} INFO - Processed chunk 311, total rows so far: 3110000
[2025-07-06T05:26:12.182+0000] {logging_mixin.py:151} INFO - Processed chunk 321, total rows so far: 3210000
[2025-07-06T05:26:12.252+0000] {logging_mixin.py:151} INFO - Processed chunk 331, total rows so far: 3310000
[2025-07-06T05:26:12.323+0000] {logging_mixin.py:151} INFO - Processed chunk 341, total rows so far: 3410000
[2025-07-06T05:26:12.397+0000] {logging_mixin.py:151} INFO - Processed chunk 351, total rows so far: 3510000
[2025-07-06T05:26:12.472+0000] {logging_mixin.py:151} INFO - Processed chunk 361, total rows so far: 3610000
[2025-07-06T05:26:12.575+0000] {logging_mixin.py:151} INFO - Processed chunk 371, total rows so far: 3710000
[2025-07-06T05:26:12.700+0000] {logging_mixin.py:151} INFO - Processed chunk 381, total rows so far: 3810000
[2025-07-06T05:26:12.890+0000] {logging_mixin.py:151} INFO - Processed chunk 391, total rows so far: 3910000
[2025-07-06T05:26:13.084+0000] {logging_mixin.py:151} INFO - Processed chunk 401, total rows so far: 4010000
[2025-07-06T05:26:13.209+0000] {logging_mixin.py:151} INFO - Processed chunk 411, total rows so far: 4110000
[2025-07-06T05:26:13.381+0000] {logging_mixin.py:151} INFO - Processed chunk 421, total rows so far: 4210000
[2025-07-06T05:26:13.514+0000] {logging_mixin.py:151} INFO - Processed chunk 431, total rows so far: 4310000
[2025-07-06T05:26:13.690+0000] {logging_mixin.py:151} INFO - Processed chunk 441, total rows so far: 4410000
[2025-07-06T05:26:13.815+0000] {logging_mixin.py:151} INFO - Processed chunk 451, total rows so far: 4510000
[2025-07-06T05:26:13.996+0000] {logging_mixin.py:151} INFO - Processed chunk 461, total rows so far: 4610000
[2025-07-06T05:26:14.213+0000] {logging_mixin.py:151} INFO - Processed chunk 471, total rows so far: 4710000
[2025-07-06T05:26:14.399+0000] {logging_mixin.py:151} INFO - Processed chunk 481, total rows so far: 4810000
[2025-07-06T05:26:14.586+0000] {logging_mixin.py:151} INFO - Processed chunk 491, total rows so far: 4910000
[2025-07-06T05:26:14.712+0000] {logging_mixin.py:151} INFO - Processed chunk 501, total rows so far: 5010000
[2025-07-06T05:26:14.895+0000] {logging_mixin.py:151} INFO - Processed chunk 511, total rows so far: 5110000
[2025-07-06T05:26:15.019+0000] {logging_mixin.py:151} INFO - Processed chunk 521, total rows so far: 5210000
[2025-07-06T05:26:15.194+0000] {logging_mixin.py:151} INFO - Processed chunk 531, total rows so far: 5310000
[2025-07-06T05:26:15.370+0000] {logging_mixin.py:151} INFO - Processed chunk 541, total rows so far: 5410000
[2025-07-06T05:26:15.496+0000] {logging_mixin.py:151} INFO - Processed chunk 551, total rows so far: 5510000
[2025-07-06T05:26:15.694+0000] {logging_mixin.py:151} INFO - Processed chunk 561, total rows so far: 5610000
[2025-07-06T05:26:15.875+0000] {logging_mixin.py:151} INFO - Processed chunk 571, total rows so far: 5710000
[2025-07-06T05:26:16.001+0000] {logging_mixin.py:151} INFO - Processed chunk 581, total rows so far: 5810000
[2025-07-06T05:26:16.188+0000] {logging_mixin.py:151} INFO - Processed chunk 591, total rows so far: 5910000
[2025-07-06T05:26:16.311+0000] {logging_mixin.py:151} INFO - Processed chunk 601, total rows so far: 6010000
[2025-07-06T05:26:16.500+0000] {logging_mixin.py:151} INFO - Processed chunk 611, total rows so far: 6110000
[2025-07-06T05:26:16.678+0000] {logging_mixin.py:151} INFO - Processed chunk 621, total rows so far: 6210000
[2025-07-06T05:26:16.814+0000] {logging_mixin.py:151} INFO - Processed chunk 631, total rows so far: 6310000
[2025-07-06T05:26:16.994+0000] {logging_mixin.py:151} INFO - Processed chunk 641, total rows so far: 6410000
[2025-07-06T05:26:17.181+0000] {logging_mixin.py:151} INFO - Processed chunk 651, total rows so far: 6510000
[2025-07-06T05:26:17.313+0000] {logging_mixin.py:151} INFO - Processed chunk 661, total rows so far: 6610000
[2025-07-06T05:26:17.503+0000] {logging_mixin.py:151} INFO - Processed chunk 671, total rows so far: 6710000
[2025-07-06T05:26:17.695+0000] {logging_mixin.py:151} INFO - Processed chunk 681, total rows so far: 6810000
[2025-07-06T05:26:17.889+0000] {logging_mixin.py:151} INFO - Processed chunk 691, total rows so far: 6910000
[2025-07-06T05:26:18.076+0000] {logging_mixin.py:151} INFO - Processed chunk 701, total rows so far: 7010000
[2025-07-06T05:26:18.208+0000] {logging_mixin.py:151} INFO - Processed chunk 711, total rows so far: 7110000
[2025-07-06T05:26:18.390+0000] {logging_mixin.py:151} INFO - Processed chunk 721, total rows so far: 7210000
[2025-07-06T05:26:18.669+0000] {logging_mixin.py:151} INFO - Processed chunk 731, total rows so far: 7310000
[2025-07-06T05:26:18.889+0000] {logging_mixin.py:151} INFO - Processed chunk 741, total rows so far: 7410000
[2025-07-06T05:26:19.176+0000] {logging_mixin.py:151} INFO - Processed chunk 751, total rows so far: 7510000
[2025-07-06T05:26:19.310+0000] {logging_mixin.py:151} INFO - Processed chunk 761, total rows so far: 7610000
[2025-07-06T05:26:19.486+0000] {logging_mixin.py:151} INFO - Processed chunk 771, total rows so far: 7710000
[2025-07-06T05:26:19.680+0000] {logging_mixin.py:151} INFO - Processed chunk 781, total rows so far: 7810000
[2025-07-06T05:26:19.893+0000] {logging_mixin.py:151} INFO - Processed chunk 791, total rows so far: 7910000
[2025-07-06T05:26:20.188+0000] {logging_mixin.py:151} INFO - Processed chunk 801, total rows so far: 8010000
[2025-07-06T05:26:20.492+0000] {logging_mixin.py:151} INFO - Processed chunk 811, total rows so far: 8110000
[2025-07-06T05:26:20.779+0000] {logging_mixin.py:151} INFO - Processed chunk 821, total rows so far: 8210000
[2025-07-06T05:26:21.182+0000] {logging_mixin.py:151} INFO - Processed chunk 831, total rows so far: 8310000
[2025-07-06T05:26:21.578+0000] {logging_mixin.py:151} INFO - Processed chunk 841, total rows so far: 8410000
[2025-07-06T05:26:21.986+0000] {logging_mixin.py:151} INFO - Processed chunk 851, total rows so far: 8510000
[2025-07-06T05:26:22.368+0000] {logging_mixin.py:151} INFO - Processed chunk 861, total rows so far: 8610000
[2025-07-06T05:26:22.689+0000] {logging_mixin.py:151} INFO - Processed chunk 871, total rows so far: 8710000
[2025-07-06T05:26:23.183+0000] {logging_mixin.py:151} INFO - Processed chunk 881, total rows so far: 8810000
[2025-07-06T05:26:23.587+0000] {logging_mixin.py:151} INFO - Processed chunk 891, total rows so far: 8910000
[2025-07-06T05:26:23.982+0000] {logging_mixin.py:151} INFO - Processed chunk 901, total rows so far: 9010000
[2025-07-06T05:26:24.385+0000] {logging_mixin.py:151} INFO - Processed chunk 911, total rows so far: 9110000
[2025-07-06T05:26:24.788+0000] {logging_mixin.py:151} INFO - Processed chunk 921, total rows so far: 9210000
[2025-07-06T05:26:25.076+0000] {logging_mixin.py:151} INFO - Processed chunk 931, total rows so far: 9310000
[2025-07-06T05:26:25.300+0000] {logging_mixin.py:151} INFO - Processed chunk 941, total rows so far: 9410000
[2025-07-06T05:26:25.671+0000] {logging_mixin.py:151} INFO - Processed chunk 951, total rows so far: 9510000
[2025-07-06T05:26:25.887+0000] {logging_mixin.py:151} INFO - Processed chunk 961, total rows so far: 9610000
[2025-07-06T05:26:26.192+0000] {logging_mixin.py:151} INFO - Processed chunk 971, total rows so far: 9710000
[2025-07-06T05:26:26.477+0000] {logging_mixin.py:151} INFO - Processed chunk 981, total rows so far: 9810000
[2025-07-06T05:26:26.794+0000] {logging_mixin.py:151} INFO - Processed chunk 991, total rows so far: 9910000
[2025-07-06T05:26:27.080+0000] {logging_mixin.py:151} INFO - Processed chunk 1001, total rows so far: 10010000
[2025-07-06T05:26:27.374+0000] {logging_mixin.py:151} INFO - Processed chunk 1011, total rows so far: 10110000
[2025-07-06T05:26:27.596+0000] {logging_mixin.py:151} INFO - Processed chunk 1021, total rows so far: 10210000
[2025-07-06T05:26:27.977+0000] {logging_mixin.py:151} INFO - Processed chunk 1031, total rows so far: 10310000
[2025-07-06T05:26:28.285+0000] {logging_mixin.py:151} INFO - Processed chunk 1041, total rows so far: 10410000
[2025-07-06T05:26:28.672+0000] {logging_mixin.py:151} INFO - Processed chunk 1051, total rows so far: 10510000
[2025-07-06T05:26:28.899+0000] {logging_mixin.py:151} INFO - Processed chunk 1061, total rows so far: 10610000
[2025-07-06T05:26:29.198+0000] {logging_mixin.py:151} INFO - Processed chunk 1071, total rows so far: 10710000
[2025-07-06T05:26:29.495+0000] {logging_mixin.py:151} INFO - Processed chunk 1081, total rows so far: 10810000
[2025-07-06T05:26:29.793+0000] {logging_mixin.py:151} INFO - Processed chunk 1091, total rows so far: 10910000
[2025-07-06T05:26:30.170+0000] {logging_mixin.py:151} INFO - Processed chunk 1101, total rows so far: 11010000
[2025-07-06T05:26:30.398+0000] {logging_mixin.py:151} INFO - Processed chunk 1111, total rows so far: 11110000
[2025-07-06T05:26:30.691+0000] {logging_mixin.py:151} INFO - Processed chunk 1121, total rows so far: 11210000
[2025-07-06T05:26:31.000+0000] {logging_mixin.py:151} INFO - Processed chunk 1131, total rows so far: 11310000
[2025-07-06T05:26:31.291+0000] {logging_mixin.py:151} INFO - Processed chunk 1141, total rows so far: 11410000
[2025-07-06T05:26:31.590+0000] {logging_mixin.py:151} INFO - Processed chunk 1151, total rows so far: 11510000
[2025-07-06T05:26:31.983+0000] {logging_mixin.py:151} INFO - Processed chunk 1161, total rows so far: 11610000
[2025-07-06T05:26:32.286+0000] {logging_mixin.py:151} INFO - Processed chunk 1171, total rows so far: 11710000
[2025-07-06T05:26:32.584+0000] {logging_mixin.py:151} INFO - Processed chunk 1181, total rows so far: 11810000
[2025-07-06T05:26:32.887+0000] {logging_mixin.py:151} INFO - Processed chunk 1191, total rows so far: 11910000
[2025-07-06T05:26:33.173+0000] {logging_mixin.py:151} INFO - Processed chunk 1201, total rows so far: 12010000
[2025-07-06T05:26:33.394+0000] {logging_mixin.py:151} INFO - Processed chunk 1211, total rows so far: 12110000
[2025-07-06T05:26:33.692+0000] {logging_mixin.py:151} INFO - Processed chunk 1221, total rows so far: 12210000
[2025-07-06T05:26:34.001+0000] {logging_mixin.py:151} INFO - Processed chunk 1231, total rows so far: 12310000
[2025-07-06T05:26:34.377+0000] {logging_mixin.py:151} INFO - Processed chunk 1241, total rows so far: 12410000
[2025-07-06T05:26:34.680+0000] {logging_mixin.py:151} INFO - Processed chunk 1251, total rows so far: 12510000
[2025-07-06T05:26:34.998+0000] {logging_mixin.py:151} INFO - Processed chunk 1261, total rows so far: 12610000
[2025-07-06T05:26:35.297+0000] {logging_mixin.py:151} INFO - Processed chunk 1271, total rows so far: 12710000
[2025-07-06T05:26:35.594+0000] {logging_mixin.py:151} INFO - Processed chunk 1281, total rows so far: 12810000
[2025-07-06T05:26:35.972+0000] {logging_mixin.py:151} INFO - Processed chunk 1291, total rows so far: 12910000
[2025-07-06T05:26:36.201+0000] {logging_mixin.py:151} INFO - Processed chunk 1301, total rows so far: 13010000
[2025-07-06T05:26:36.476+0000] {logging_mixin.py:151} INFO - Processed chunk 1311, total rows so far: 13110000
[2025-07-06T05:26:36.775+0000] {logging_mixin.py:151} INFO - Processed chunk 1321, total rows so far: 13210000
[2025-07-06T05:26:37.090+0000] {logging_mixin.py:151} INFO - Processed chunk 1331, total rows so far: 13310000
[2025-07-06T05:26:37.377+0000] {logging_mixin.py:151} INFO - Processed chunk 1341, total rows so far: 13410000
[2025-07-06T05:26:37.668+0000] {logging_mixin.py:151} INFO - Processed chunk 1351, total rows so far: 13510000
[2025-07-06T05:26:37.891+0000] {logging_mixin.py:151} INFO - Processed chunk 1361, total rows so far: 13610000
[2025-07-06T05:26:38.182+0000] {logging_mixin.py:151} INFO - Processed chunk 1371, total rows so far: 13710000
[2025-07-06T05:26:38.400+0000] {logging_mixin.py:151} INFO - Processed chunk 1381, total rows so far: 13810000
[2025-07-06T05:26:38.682+0000] {logging_mixin.py:151} INFO - Processed chunk 1391, total rows so far: 13910000
[2025-07-06T05:26:38.979+0000] {logging_mixin.py:151} INFO - Processed chunk 1401, total rows so far: 14010000
[2025-07-06T05:26:39.195+0000] {logging_mixin.py:151} INFO - Processed chunk 1411, total rows so far: 14110000
[2025-07-06T05:26:39.485+0000] {logging_mixin.py:151} INFO - Processed chunk 1421, total rows so far: 14210000
[2025-07-06T05:26:39.700+0000] {logging_mixin.py:151} INFO - Processed chunk 1431, total rows so far: 14310000
[2025-07-06T05:26:39.981+0000] {logging_mixin.py:151} INFO - Processed chunk 1441, total rows so far: 14410000
[2025-07-06T05:26:40.274+0000] {logging_mixin.py:151} INFO - Processed chunk 1451, total rows so far: 14510000
[2025-07-06T05:26:40.570+0000] {logging_mixin.py:151} INFO - Processed chunk 1461, total rows so far: 14610000
[2025-07-06T05:26:40.791+0000] {logging_mixin.py:151} INFO - Processed chunk 1471, total rows so far: 14710000
[2025-07-06T05:26:41.081+0000] {logging_mixin.py:151} INFO - Processed chunk 1481, total rows so far: 14810000
[2025-07-06T05:26:41.386+0000] {logging_mixin.py:151} INFO - Processed chunk 1491, total rows so far: 14910000
[2025-07-06T05:26:41.603+0000] {logging_mixin.py:151} INFO - Processed chunk 1501, total rows so far: 15010000
[2025-07-06T05:26:41.977+0000] {logging_mixin.py:151} INFO - Processed chunk 1511, total rows so far: 15110000
[2025-07-06T05:26:42.194+0000] {logging_mixin.py:151} INFO - Processed chunk 1521, total rows so far: 15210000
[2025-07-06T05:26:42.488+0000] {logging_mixin.py:151} INFO - Processed chunk 1531, total rows so far: 15310000
[2025-07-06T05:26:42.699+0000] {logging_mixin.py:151} INFO - Processed chunk 1541, total rows so far: 15410000
[2025-07-06T05:26:42.988+0000] {logging_mixin.py:151} INFO - Processed chunk 1551, total rows so far: 15510000
[2025-07-06T05:26:43.281+0000] {logging_mixin.py:151} INFO - Processed chunk 1561, total rows so far: 15610000
[2025-07-06T05:26:43.496+0000] {logging_mixin.py:151} INFO - Processed chunk 1571, total rows so far: 15710000
[2025-07-06T05:26:43.785+0000] {logging_mixin.py:151} INFO - Processed chunk 1581, total rows so far: 15810000
[2025-07-06T05:26:44.176+0000] {logging_mixin.py:151} INFO - Processed chunk 1591, total rows so far: 15910000
[2025-07-06T05:26:44.573+0000] {logging_mixin.py:151} INFO - Processed chunk 1601, total rows so far: 16010000
[2025-07-06T05:26:44.981+0000] {logging_mixin.py:151} INFO - Processed chunk 1611, total rows so far: 16110000
[2025-07-06T05:26:45.378+0000] {logging_mixin.py:151} INFO - Processed chunk 1621, total rows so far: 16210000
[2025-07-06T05:26:45.782+0000] {logging_mixin.py:151} INFO - Processed chunk 1631, total rows so far: 16310000
[2025-07-06T05:26:46.181+0000] {logging_mixin.py:151} INFO - Processed chunk 1641, total rows so far: 16410000
[2025-07-06T05:26:46.578+0000] {logging_mixin.py:151} INFO - Processed chunk 1651, total rows so far: 16510000
[2025-07-06T05:26:46.983+0000] {logging_mixin.py:151} INFO - Processed chunk 1661, total rows so far: 16610000
[2025-07-06T05:26:47.385+0000] {logging_mixin.py:151} INFO - Processed chunk 1671, total rows so far: 16710000
[2025-07-06T05:26:47.888+0000] {logging_mixin.py:151} INFO - Processed chunk 1681, total rows so far: 16810000
[2025-07-06T05:26:48.473+0000] {logging_mixin.py:151} INFO - Processed chunk 1691, total rows so far: 16910000
[2025-07-06T05:26:48.968+0000] {logging_mixin.py:151} INFO - Processed chunk 1701, total rows so far: 17010000
[2025-07-06T05:26:49.390+0000] {logging_mixin.py:151} INFO - Processed chunk 1711, total rows so far: 17110000
[2025-07-06T05:26:50.185+0000] {logging_mixin.py:151} INFO - Processed chunk 1721, total rows so far: 17210000
[2025-07-06T05:26:51.181+0000] {logging_mixin.py:151} INFO - Processed chunk 1731, total rows so far: 17310000
[2025-07-06T05:26:51.994+0000] {logging_mixin.py:151} INFO - Processed chunk 1741, total rows so far: 17410000
[2025-07-06T05:26:52.587+0000] {logging_mixin.py:151} INFO - Processed chunk 1751, total rows so far: 17510000
[2025-07-06T05:26:53.173+0000] {logging_mixin.py:151} INFO - Processed chunk 1761, total rows so far: 17610000
[2025-07-06T05:26:53.595+0000] {logging_mixin.py:151} INFO - Processed chunk 1771, total rows so far: 17710000
[2025-07-06T05:26:54.288+0000] {logging_mixin.py:151} INFO - Processed chunk 1781, total rows so far: 17810000
[2025-07-06T05:26:54.877+0000] {logging_mixin.py:151} INFO - Processed chunk 1791, total rows so far: 17910000
[2025-07-06T05:26:55.367+0000] {logging_mixin.py:151} INFO - Processed chunk 1801, total rows so far: 18010000
[2025-07-06T05:26:55.690+0000] {logging_mixin.py:151} INFO - Processed chunk 1811, total rows so far: 18110000
[2025-07-06T05:26:56.083+0000] {logging_mixin.py:151} INFO - Processed chunk 1821, total rows so far: 18210000
[2025-07-06T05:26:56.474+0000] {logging_mixin.py:151} INFO - Processed chunk 1831, total rows so far: 18310000
[2025-07-06T05:26:56.892+0000] {logging_mixin.py:151} INFO - Processed chunk 1841, total rows so far: 18410000
[2025-07-06T05:26:57.487+0000] {logging_mixin.py:151} INFO - Processed chunk 1851, total rows so far: 18510000
[2025-07-06T05:26:58.182+0000] {logging_mixin.py:151} INFO - Processed chunk 1861, total rows so far: 18610000
[2025-07-06T05:26:58.690+0000] {logging_mixin.py:151} INFO - Processed chunk 1871, total rows so far: 18710000
[2025-07-06T05:26:59.090+0000] {logging_mixin.py:151} INFO - Processed chunk 1881, total rows so far: 18810000
[2025-07-06T05:26:59.575+0000] {logging_mixin.py:151} INFO - Processed chunk 1891, total rows so far: 18910000
[2025-07-06T05:27:00.076+0000] {logging_mixin.py:151} INFO - Processed chunk 1901, total rows so far: 19010000
[2025-07-06T05:27:00.491+0000] {logging_mixin.py:151} INFO - Processed chunk 1911, total rows so far: 19110000
[2025-07-06T05:27:00.887+0000] {logging_mixin.py:151} INFO - Processed chunk 1921, total rows so far: 19210000
[2025-07-06T05:27:01.473+0000] {logging_mixin.py:151} INFO - Processed chunk 1931, total rows so far: 19310000
[2025-07-06T05:27:02.074+0000] {logging_mixin.py:151} INFO - Processed chunk 1941, total rows so far: 19410000
[2025-07-06T05:27:02.588+0000] {logging_mixin.py:151} INFO - Processed chunk 1951, total rows so far: 19510000
[2025-07-06T05:27:02.991+0000] {logging_mixin.py:151} INFO - Processed chunk 1961, total rows so far: 19610000
[2025-07-06T05:27:03.396+0000] {logging_mixin.py:151} INFO - Processed chunk 1971, total rows so far: 19710000
[2025-07-06T05:27:03.889+0000] {logging_mixin.py:151} INFO - Processed chunk 1981, total rows so far: 19810000
[2025-07-06T05:27:04.386+0000] {logging_mixin.py:151} INFO - Processed chunk 1991, total rows so far: 19910000
[2025-07-06T05:27:04.883+0000] {logging_mixin.py:151} INFO - Processed chunk 2001, total rows so far: 20010000
[2025-07-06T05:27:05.294+0000] {logging_mixin.py:151} INFO - Processed chunk 2011, total rows so far: 20110000
[2025-07-06T05:27:05.694+0000] {logging_mixin.py:151} INFO - Processed chunk 2021, total rows so far: 20210000
[2025-07-06T05:27:06.085+0000] {logging_mixin.py:151} INFO - Processed chunk 2031, total rows so far: 20310000
[2025-07-06T05:27:06.473+0000] {logging_mixin.py:151} INFO - Processed chunk 2041, total rows so far: 20410000
[2025-07-06T05:27:06.775+0000] {logging_mixin.py:151} INFO - Processed chunk 2051, total rows so far: 20510000
[2025-07-06T05:27:07.186+0000] {logging_mixin.py:151} INFO - Processed chunk 2061, total rows so far: 20610000
[2025-07-06T05:27:07.687+0000] {logging_mixin.py:151} INFO - Processed chunk 2071, total rows so far: 20710000
[2025-07-06T05:27:08.179+0000] {logging_mixin.py:151} INFO - Processed chunk 2081, total rows so far: 20810000
[2025-07-06T05:27:08.593+0000] {logging_mixin.py:151} INFO - Processed chunk 2091, total rows so far: 20910000
[2025-07-06T05:27:08.988+0000] {logging_mixin.py:151} INFO - Processed chunk 2101, total rows so far: 21010000
[2025-07-06T05:27:09.489+0000] {logging_mixin.py:151} INFO - Processed chunk 2111, total rows so far: 21110000
[2025-07-06T05:27:09.985+0000] {logging_mixin.py:151} INFO - Processed chunk 2121, total rows so far: 21210000
[2025-07-06T05:27:10.484+0000] {logging_mixin.py:151} INFO - Processed chunk 2131, total rows so far: 21310000
[2025-07-06T05:27:10.975+0000] {logging_mixin.py:151} INFO - Processed chunk 2141, total rows so far: 21410000
[2025-07-06T05:27:11.478+0000] {logging_mixin.py:151} INFO - Processed chunk 2151, total rows so far: 21510000
[2025-07-06T05:27:11.993+0000] {logging_mixin.py:151} INFO - Processed chunk 2161, total rows so far: 21610000
[2025-07-06T05:27:12.569+0000] {logging_mixin.py:151} INFO - Processed chunk 2171, total rows so far: 21710000
[2025-07-06T05:27:13.075+0000] {logging_mixin.py:151} INFO - Processed chunk 2181, total rows so far: 21810000
[2025-07-06T05:27:13.477+0000] {logging_mixin.py:151} INFO - Processed chunk 2191, total rows so far: 21910000
[2025-07-06T05:27:13.875+0000] {logging_mixin.py:151} INFO - Processed chunk 2201, total rows so far: 22010000
[2025-07-06T05:27:14.294+0000] {logging_mixin.py:151} INFO - Processed chunk 2211, total rows so far: 22110000
[2025-07-06T05:27:14.691+0000] {logging_mixin.py:151} INFO - Processed chunk 2221, total rows so far: 22210000
[2025-07-06T05:27:15.193+0000] {logging_mixin.py:151} INFO - Processed chunk 2231, total rows so far: 22310000
[2025-07-06T05:27:15.599+0000] {logging_mixin.py:151} INFO - Processed chunk 2241, total rows so far: 22410000
[2025-07-06T05:27:15.987+0000] {logging_mixin.py:151} INFO - Processed chunk 2251, total rows so far: 22510000
[2025-07-06T05:27:16.378+0000] {logging_mixin.py:151} INFO - Processed chunk 2261, total rows so far: 22610000
[2025-07-06T05:27:16.973+0000] {logging_mixin.py:151} INFO - Processed chunk 2271, total rows so far: 22710000
[2025-07-06T05:27:17.379+0000] {logging_mixin.py:151} INFO - Processed chunk 2281, total rows so far: 22810000
[2025-07-06T05:27:17.695+0000] {logging_mixin.py:151} INFO - Processed chunk 2291, total rows so far: 22910000
[2025-07-06T05:27:18.069+0000] {logging_mixin.py:151} INFO - Processed chunk 2301, total rows so far: 23010000
[2025-07-06T05:27:18.479+0000] {logging_mixin.py:151} INFO - Processed chunk 2311, total rows so far: 23110000
[2025-07-06T05:27:18.983+0000] {logging_mixin.py:151} INFO - Processed chunk 2321, total rows so far: 23210000
[2025-07-06T05:27:19.381+0000] {logging_mixin.py:151} INFO - Processed chunk 2331, total rows so far: 23310000
[2025-07-06T05:27:19.985+0000] {logging_mixin.py:151} INFO - Processed chunk 2341, total rows so far: 23410000
[2025-07-06T05:27:20.484+0000] {logging_mixin.py:151} INFO - Processed chunk 2351, total rows so far: 23510000
[2025-07-06T05:27:20.977+0000] {logging_mixin.py:151} INFO - Processed chunk 2361, total rows so far: 23610000
[2025-07-06T05:27:21.490+0000] {logging_mixin.py:151} INFO - Processed chunk 2371, total rows so far: 23710000
[2025-07-06T05:27:21.988+0000] {logging_mixin.py:151} INFO - Processed chunk 2381, total rows so far: 23810000
[2025-07-06T05:27:22.786+0000] {logging_mixin.py:151} INFO - Processed chunk 2391, total rows so far: 23910000
[2025-07-06T05:27:23.690+0000] {logging_mixin.py:151} INFO - Processed chunk 2401, total rows so far: 24010000
[2025-07-06T05:27:24.588+0000] {logging_mixin.py:151} INFO - Processed chunk 2411, total rows so far: 24110000
[2025-07-06T05:27:25.194+0000] {logging_mixin.py:151} INFO - Processed chunk 2421, total rows so far: 24210000
[2025-07-06T05:27:25.585+0000] {logging_mixin.py:151} INFO - Processed chunk 2431, total rows so far: 24310000
[2025-07-06T05:27:26.181+0000] {logging_mixin.py:151} INFO - Processed chunk 2441, total rows so far: 24410000
[2025-07-06T05:27:26.578+0000] {logging_mixin.py:151} INFO - Processed chunk 2451, total rows so far: 24510000
[2025-07-06T05:27:26.993+0000] {logging_mixin.py:151} INFO - Processed chunk 2461, total rows so far: 24610000
[2025-07-06T05:27:27.491+0000] {logging_mixin.py:151} INFO - Processed chunk 2471, total rows so far: 24710000
[2025-07-06T05:27:28.072+0000] {logging_mixin.py:151} INFO - Processed chunk 2481, total rows so far: 24810000
[2025-07-06T05:27:28.581+0000] {logging_mixin.py:151} INFO - Processed chunk 2491, total rows so far: 24910000
[2025-07-06T05:27:28.884+0000] {logging_mixin.py:151} INFO - Processed chunk 2501, total rows so far: 25010000
[2025-07-06T05:27:29.379+0000] {logging_mixin.py:151} INFO - Processed chunk 2511, total rows so far: 25110000
[2025-07-06T05:27:29.980+0000] {logging_mixin.py:151} INFO - Processed chunk 2521, total rows so far: 25210000
[2025-07-06T05:27:30.477+0000] {logging_mixin.py:151} INFO - Processed chunk 2531, total rows so far: 25310000
[2025-07-06T05:27:30.888+0000] {logging_mixin.py:151} INFO - Processed chunk 2541, total rows so far: 25410000
[2025-07-06T05:27:31.480+0000] {logging_mixin.py:151} INFO - Processed chunk 2551, total rows so far: 25510000
[2025-07-06T05:27:31.973+0000] {logging_mixin.py:151} INFO - Processed chunk 2561, total rows so far: 25610000
[2025-07-06T05:27:32.579+0000] {logging_mixin.py:151} INFO - Processed chunk 2571, total rows so far: 25710000
[2025-07-06T05:27:33.183+0000] {logging_mixin.py:151} INFO - Processed chunk 2581, total rows so far: 25810000
[2025-07-06T05:27:33.781+0000] {logging_mixin.py:151} INFO - Processed chunk 2591, total rows so far: 25910000
[2025-07-06T05:27:34.385+0000] {logging_mixin.py:151} INFO - Processed chunk 2601, total rows so far: 26010000
[2025-07-06T05:27:35.175+0000] {logging_mixin.py:151} INFO - Processed chunk 2611, total rows so far: 26110000
[2025-07-06T05:27:35.780+0000] {logging_mixin.py:151} INFO - Processed chunk 2621, total rows so far: 26210000
[2025-07-06T05:27:36.382+0000] {logging_mixin.py:151} INFO - Processed chunk 2631, total rows so far: 26310000
[2025-07-06T05:27:37.082+0000] {logging_mixin.py:151} INFO - Processed chunk 2641, total rows so far: 26410000
[2025-07-06T05:27:37.788+0000] {logging_mixin.py:151} INFO - Processed chunk 2651, total rows so far: 26510000
[2025-07-06T05:27:38.372+0000] {logging_mixin.py:151} INFO - Processed chunk 2661, total rows so far: 26610000
[2025-07-06T05:27:38.878+0000] {logging_mixin.py:151} INFO - Processed chunk 2671, total rows so far: 26710000
[2025-07-06T05:27:39.194+0000] {logging_mixin.py:151} INFO - Processed chunk 2681, total rows so far: 26810000
[2025-07-06T05:27:39.679+0000] {logging_mixin.py:151} INFO - Processed chunk 2691, total rows so far: 26910000
[2025-07-06T05:27:39.988+0000] {logging_mixin.py:151} INFO - Processed chunk 2701, total rows so far: 27010000
[2025-07-06T05:27:40.372+0000] {logging_mixin.py:151} INFO - Processed chunk 2711, total rows so far: 27110000
[2025-07-06T05:27:40.769+0000] {logging_mixin.py:151} INFO - Processed chunk 2721, total rows so far: 27210000
[2025-07-06T05:27:41.170+0000] {logging_mixin.py:151} INFO - Processed chunk 2731, total rows so far: 27310000
[2025-07-06T05:27:41.874+0000] {logging_mixin.py:151} INFO - Processed chunk 2741, total rows so far: 27410000
[2025-07-06T05:27:42.592+0000] {logging_mixin.py:151} INFO - Processed chunk 2751, total rows so far: 27510000
[2025-07-06T05:27:43.380+0000] {logging_mixin.py:151} INFO - Processed chunk 2761, total rows so far: 27610000
[2025-07-06T05:27:43.989+0000] {logging_mixin.py:151} INFO - Processed chunk 2771, total rows so far: 27710000
[2025-07-06T05:27:44.674+0000] {logging_mixin.py:151} INFO - Processed chunk 2781, total rows so far: 27810000
[2025-07-06T05:27:45.189+0000] {logging_mixin.py:151} INFO - Processed chunk 2791, total rows so far: 27910000
[2025-07-06T05:27:45.881+0000] {logging_mixin.py:151} INFO - Processed chunk 2801, total rows so far: 28010000
[2025-07-06T05:27:46.387+0000] {logging_mixin.py:151} INFO - Processed chunk 2811, total rows so far: 28110000
[2025-07-06T05:27:46.894+0000] {logging_mixin.py:151} INFO - Processed chunk 2821, total rows so far: 28210000
[2025-07-06T05:27:47.488+0000] {logging_mixin.py:151} INFO - Processed chunk 2831, total rows so far: 28310000
[2025-07-06T05:27:48.081+0000] {logging_mixin.py:151} INFO - Processed chunk 2841, total rows so far: 28410000
[2025-07-06T05:27:48.770+0000] {logging_mixin.py:151} INFO - Processed chunk 2851, total rows so far: 28510000
[2025-07-06T05:27:49.183+0000] {logging_mixin.py:151} INFO - Processed chunk 2861, total rows so far: 28610000
[2025-07-06T05:27:49.782+0000] {logging_mixin.py:151} INFO - Processed chunk 2871, total rows so far: 28710000
[2025-07-06T05:27:50.395+0000] {logging_mixin.py:151} INFO - Processed chunk 2881, total rows so far: 28810000
[2025-07-06T05:27:50.883+0000] {logging_mixin.py:151} INFO - Processed chunk 2891, total rows so far: 28910000
[2025-07-06T05:27:51.370+0000] {logging_mixin.py:151} INFO - Processed chunk 2901, total rows so far: 29010000
[2025-07-06T05:27:51.887+0000] {logging_mixin.py:151} INFO - Processed chunk 2911, total rows so far: 29110000
[2025-07-06T05:27:52.690+0000] {logging_mixin.py:151} INFO - Processed chunk 2921, total rows so far: 29210000
[2025-07-06T05:27:53.386+0000] {logging_mixin.py:151} INFO - Processed chunk 2931, total rows so far: 29310000
[2025-07-06T05:27:53.989+0000] {logging_mixin.py:151} INFO - Processed chunk 2941, total rows so far: 29410000
[2025-07-06T05:27:54.488+0000] {logging_mixin.py:151} INFO - Processed chunk 2951, total rows so far: 29510000
[2025-07-06T05:27:55.177+0000] {logging_mixin.py:151} INFO - Processed chunk 2961, total rows so far: 29610000
[2025-07-06T05:27:55.874+0000] {logging_mixin.py:151} INFO - Processed chunk 2971, total rows so far: 29710000
[2025-07-06T05:27:56.484+0000] {logging_mixin.py:151} INFO - Processed chunk 2981, total rows so far: 29810000
[2025-07-06T05:27:56.970+0000] {logging_mixin.py:151} INFO - Processed chunk 2991, total rows so far: 29910000
[2025-07-06T05:27:57.383+0000] {logging_mixin.py:151} INFO - Processed chunk 3001, total rows so far: 30010000
[2025-07-06T05:27:57.777+0000] {logging_mixin.py:151} INFO - Processed chunk 3011, total rows so far: 30110000
[2025-07-06T05:27:58.193+0000] {logging_mixin.py:151} INFO - Processed chunk 3021, total rows so far: 30210000
[2025-07-06T05:27:58.680+0000] {logging_mixin.py:151} INFO - Processed chunk 3031, total rows so far: 30310000
[2025-07-06T05:27:59.079+0000] {logging_mixin.py:151} INFO - Processed chunk 3041, total rows so far: 30410000
[2025-07-06T05:27:59.477+0000] {logging_mixin.py:151} INFO - Processed chunk 3051, total rows so far: 30510000
[2025-07-06T05:27:59.973+0000] {logging_mixin.py:151} INFO - Processed chunk 3061, total rows so far: 30610000
[2025-07-06T05:28:00.381+0000] {logging_mixin.py:151} INFO - Processed chunk 3071, total rows so far: 30710000
[2025-07-06T05:28:00.789+0000] {logging_mixin.py:151} INFO - Processed chunk 3081, total rows so far: 30810000
[2025-07-06T05:28:01.370+0000] {logging_mixin.py:151} INFO - Processed chunk 3091, total rows so far: 30910000
[2025-07-06T05:28:01.771+0000] {logging_mixin.py:151} INFO - Processed chunk 3101, total rows so far: 31010000
[2025-07-06T05:28:02.081+0000] {logging_mixin.py:151} INFO - Processed chunk 3111, total rows so far: 31110000
[2025-07-06T05:28:02.477+0000] {logging_mixin.py:151} INFO - Processed chunk 3121, total rows so far: 31210000
[2025-07-06T05:28:02.974+0000] {logging_mixin.py:151} INFO - Processed chunk 3131, total rows so far: 31310000
[2025-07-06T05:28:03.289+0000] {logging_mixin.py:151} INFO - Processed chunk 3141, total rows so far: 31410000
[2025-07-06T05:28:03.776+0000] {logging_mixin.py:151} INFO - Processed chunk 3151, total rows so far: 31510000
[2025-07-06T05:28:04.375+0000] {logging_mixin.py:151} INFO - Processed chunk 3161, total rows so far: 31610000
[2025-07-06T05:28:04.875+0000] {logging_mixin.py:151} INFO - Processed chunk 3171, total rows so far: 31710000
[2025-07-06T05:28:05.272+0000] {logging_mixin.py:151} INFO - Processed chunk 3181, total rows so far: 31810000
[2025-07-06T05:28:05.688+0000] {logging_mixin.py:151} INFO - Processed chunk 3191, total rows so far: 31910000
[2025-07-06T05:28:06.186+0000] {logging_mixin.py:151} INFO - Processed chunk 3201, total rows so far: 32010000
[2025-07-06T05:28:06.573+0000] {logging_mixin.py:151} INFO - Processed chunk 3211, total rows so far: 32110000
[2025-07-06T05:28:07.073+0000] {logging_mixin.py:151} INFO - Processed chunk 3221, total rows so far: 32210000
[2025-07-06T05:28:07.574+0000] {logging_mixin.py:151} INFO - Processed chunk 3231, total rows so far: 32310000
[2025-07-06T05:28:07.985+0000] {logging_mixin.py:151} INFO - Processed chunk 3241, total rows so far: 32410000
[2025-07-06T05:28:08.376+0000] {logging_mixin.py:151} INFO - Processed chunk 3251, total rows so far: 32510000
[2025-07-06T05:28:08.684+0000] {logging_mixin.py:151} INFO - Processed chunk 3261, total rows so far: 32610000
[2025-07-06T05:28:09.185+0000] {logging_mixin.py:151} INFO - Processed chunk 3271, total rows so far: 32710000
[2025-07-06T05:28:09.690+0000] {logging_mixin.py:151} INFO - Processed chunk 3281, total rows so far: 32810000
[2025-07-06T05:28:10.192+0000] {logging_mixin.py:151} INFO - Processed chunk 3291, total rows so far: 32910000
[2025-07-06T05:28:10.589+0000] {logging_mixin.py:151} INFO - Processed chunk 3301, total rows so far: 33010000
[2025-07-06T05:28:11.187+0000] {logging_mixin.py:151} INFO - Processed chunk 3311, total rows so far: 33110000
[2025-07-06T05:28:11.582+0000] {logging_mixin.py:151} INFO - Processed chunk 3321, total rows so far: 33210000
[2025-07-06T05:28:11.976+0000] {logging_mixin.py:151} INFO - Processed chunk 3331, total rows so far: 33310000
[2025-07-06T05:28:12.371+0000] {logging_mixin.py:151} INFO - Processed chunk 3341, total rows so far: 33410000
[2025-07-06T05:28:12.681+0000] {logging_mixin.py:151} INFO - Processed chunk 3351, total rows so far: 33510000
[2025-07-06T05:28:13.077+0000] {logging_mixin.py:151} INFO - Processed chunk 3361, total rows so far: 33610000
[2025-07-06T05:28:13.477+0000] {logging_mixin.py:151} INFO - Processed chunk 3371, total rows so far: 33710000
[2025-07-06T05:28:13.788+0000] {logging_mixin.py:151} INFO - Processed chunk 3381, total rows so far: 33810000
[2025-07-06T05:28:14.187+0000] {logging_mixin.py:151} INFO - Processed chunk 3391, total rows so far: 33910000
[2025-07-06T05:28:14.594+0000] {logging_mixin.py:151} INFO - Processed chunk 3401, total rows so far: 34010000
[2025-07-06T05:28:15.082+0000] {logging_mixin.py:151} INFO - Processed chunk 3411, total rows so far: 34110000
[2025-07-06T05:28:15.590+0000] {logging_mixin.py:151} INFO - Processed chunk 3421, total rows so far: 34210000
[2025-07-06T05:28:16.175+0000] {logging_mixin.py:151} INFO - Processed chunk 3431, total rows so far: 34310000
[2025-07-06T05:28:16.584+0000] {logging_mixin.py:151} INFO - Processed chunk 3441, total rows so far: 34410000
[2025-07-06T05:28:17.377+0000] {logging_mixin.py:151} INFO - Processed chunk 3451, total rows so far: 34510000
[2025-07-06T05:28:18.180+0000] {logging_mixin.py:151} INFO - Processed chunk 3461, total rows so far: 34610000
[2025-07-06T05:28:18.693+0000] {logging_mixin.py:151} INFO - Processed chunk 3471, total rows so far: 34710000
[2025-07-06T05:28:19.183+0000] {logging_mixin.py:151} INFO - Processed chunk 3481, total rows so far: 34810000
[2025-07-06T05:28:19.782+0000] {logging_mixin.py:151} INFO - Processed chunk 3491, total rows so far: 34910000
[2025-07-06T05:28:20.282+0000] {logging_mixin.py:151} INFO - Processed chunk 3501, total rows so far: 35010000
[2025-07-06T05:28:20.977+0000] {logging_mixin.py:151} INFO - Processed chunk 3511, total rows so far: 35110000
[2025-07-06T05:28:21.578+0000] {logging_mixin.py:151} INFO - Processed chunk 3521, total rows so far: 35210000
[2025-07-06T05:28:22.173+0000] {logging_mixin.py:151} INFO - Processed chunk 3531, total rows so far: 35310000
[2025-07-06T05:28:22.775+0000] {logging_mixin.py:151} INFO - Processed chunk 3541, total rows so far: 35410000
[2025-07-06T05:28:23.280+0000] {logging_mixin.py:151} INFO - Processed chunk 3551, total rows so far: 35510000
[2025-07-06T05:28:23.892+0000] {logging_mixin.py:151} INFO - Processed chunk 3561, total rows so far: 35610000
[2025-07-06T05:28:24.286+0000] {logging_mixin.py:151} INFO - Processed chunk 3571, total rows so far: 35710000
[2025-07-06T05:28:24.680+0000] {logging_mixin.py:151} INFO - Processed chunk 3581, total rows so far: 35810000
[2025-07-06T05:28:25.181+0000] {logging_mixin.py:151} INFO - Processed chunk 3591, total rows so far: 35910000
[2025-07-06T05:28:25.678+0000] {logging_mixin.py:151} INFO - Processed chunk 3601, total rows so far: 36010000
[2025-07-06T05:28:26.075+0000] {logging_mixin.py:151} INFO - Processed chunk 3611, total rows so far: 36110000
[2025-07-06T05:28:26.392+0000] {logging_mixin.py:151} INFO - Processed chunk 3621, total rows so far: 36210000
[2025-07-06T05:28:27.173+0000] {logging_mixin.py:151} INFO - Processed chunk 3631, total rows so far: 36310000
[2025-07-06T05:28:27.978+0000] {logging_mixin.py:151} INFO - Processed chunk 3641, total rows so far: 36410000
[2025-07-06T05:28:28.783+0000] {logging_mixin.py:151} INFO - Processed chunk 3651, total rows so far: 36510000
[2025-07-06T05:28:29.279+0000] {logging_mixin.py:151} INFO - Processed chunk 3661, total rows so far: 36610000
[2025-07-06T05:28:29.689+0000] {logging_mixin.py:151} INFO - Processed chunk 3671, total rows so far: 36710000
[2025-07-06T05:28:30.084+0000] {logging_mixin.py:151} INFO - Processed chunk 3681, total rows so far: 36810000
[2025-07-06T05:28:30.588+0000] {logging_mixin.py:151} INFO - Processed chunk 3691, total rows so far: 36910000
[2025-07-06T05:28:31.172+0000] {logging_mixin.py:151} INFO - Processed chunk 3701, total rows so far: 37010000
[2025-07-06T05:28:31.682+0000] {logging_mixin.py:151} INFO - Processed chunk 3711, total rows so far: 37110000
[2025-07-06T05:28:32.177+0000] {logging_mixin.py:151} INFO - Processed chunk 3721, total rows so far: 37210000
[2025-07-06T05:28:32.673+0000] {logging_mixin.py:151} INFO - Processed chunk 3731, total rows so far: 37310000
[2025-07-06T05:28:33.085+0000] {logging_mixin.py:151} INFO - Processed chunk 3741, total rows so far: 37410000
[2025-07-06T05:28:33.586+0000] {logging_mixin.py:151} INFO - Processed chunk 3751, total rows so far: 37510000
[2025-07-06T05:28:34.091+0000] {logging_mixin.py:151} INFO - Processed chunk 3761, total rows so far: 37610000
[2025-07-06T05:28:34.593+0000] {logging_mixin.py:151} INFO - Processed chunk 3771, total rows so far: 37710000
[2025-07-06T05:28:35.173+0000] {logging_mixin.py:151} INFO - Processed chunk 3781, total rows so far: 37809302
[2025-07-06T05:28:35.174+0000] {logging_mixin.py:151} INFO - Processing completed for 2022.csv.gz, total rows: 37809302
[2025-07-06T05:28:36.289+0000] {python.py:194} INFO - Done. Returned value was: Written to /opt/***/output/2022.json
[2025-07-06T05:28:36.384+0000] {taskinstance.py:1398} INFO - Marking task as SUCCESS. dag_id=weather_data_pipeline, task_id=download_and_process, map_index=2, execution_date=20250706T051840, start_date=20250706T051848, end_date=20250706T052836
[2025-07-06T05:28:36.509+0000] {local_task_job_runner.py:228} INFO - Task exited with return code 0
[2025-07-06T05:28:36.994+0000] {taskinstance.py:2776} INFO - 0 downstream tasks scheduled from follow-on schedule check
