[2025-07-05T12:01:59.264+0000] {taskinstance.py:1157} INFO - Dependencies all met for dep_context=non-requeueable deps ti=<TaskInstance: weather_data_pipeline.list_files manual__2025-07-05T12:01:58+00:00 [queued]>
[2025-07-05T12:01:59.267+0000] {taskinstance.py:1157} INFO - Dependencies all met for dep_context=requeueable deps ti=<TaskInstance: weather_data_pipeline.list_files manual__2025-07-05T12:01:58+00:00 [queued]>
[2025-07-05T12:01:59.267+0000] {taskinstance.py:1359} INFO - Starting attempt 1 of 2
[2025-07-05T12:01:59.271+0000] {taskinstance.py:1380} INFO - Executing <Task(_PythonDecoratedOperator): list_files> on 2025-07-05 12:01:58+00:00
[2025-07-05T12:01:59.274+0000] {standard_task_runner.py:57} INFO - Started process 254 to run task
[2025-07-05T12:01:59.276+0000] {standard_task_runner.py:84} INFO - Running: ['***', 'tasks', 'run', 'weather_data_pipeline', 'list_files', 'manual__2025-07-05T12:01:58+00:00', '--job-id', '169', '--raw', '--subdir', 'DAGS_FOLDER/weather_data_pipeline.py', '--cfg-path', '/tmp/tmpbzcwzit8']
[2025-07-05T12:01:59.277+0000] {standard_task_runner.py:85} INFO - Job 169: Subtask list_files
[2025-07-05T12:01:59.283+0000] {logging_mixin.py:151} WARNING - /home/***/.local/lib/python3.8/site-packages/***/settings.py:195 DeprecationWarning: The sql_alchemy_conn option in [core] has been moved to the sql_alchemy_conn option in [database] - the old setting has been used, but please update your config.
[2025-07-05T12:01:59.297+0000] {task_command.py:415} INFO - Running <TaskInstance: weather_data_pipeline.list_files manual__2025-07-05T12:01:58+00:00 [running]> on host 31e09c8c81b8
[2025-07-05T12:01:59.415+0000] {taskinstance.py:1660} INFO - Exporting env vars: AIRFLOW_CTX_DAG_OWNER='***' AIRFLOW_CTX_DAG_ID='weather_data_pipeline' AIRFLOW_CTX_TASK_ID='list_files' AIRFLOW_CTX_EXECUTION_DATE='2025-07-05T12:01:58+00:00' AIRFLOW_CTX_TRY_NUMBER='1' AIRFLOW_CTX_DAG_RUN_ID='manual__2025-07-05T12:01:58+00:00'
[2025-07-05T12:01:59.419+0000] {base.py:73} INFO - Using connection ID 'noaa_http' for task execution.
[2025-07-05T12:02:00.294+0000] {logging_mixin.py:151} INFO - Response status: 200
[2025-07-05T12:02:00.295+0000] {logging_mixin.py:151} INFO - Response length: 37759
[2025-07-05T12:02:00.296+0000] {logging_mixin.py:151} INFO - Response preview: <!DOCTYPE HTML PUBLIC "-//W3C//DTD HTML 3.2 Final//EN">
<html>
 <head>
  <title>Index of /pub/data/ghcn/daily/by_year</title>
 </head>
 <body>
<h1>Index of /pub/data/ghcn/daily/by_year</h1>
  <table>
   <tr><th><a href="?C=N;O=D">Name</a></th><th><a href="?C=M;O=A">Last modified</a></th><th><a href="?C=S;O=A">Size</a></th><th><a href="?C=D;O=A">Description</a></th></tr>
   <tr><th colspan="4"><hr></th></tr>
<tr><td><a href="/pub/data/ghcn/daily/">Parent Directory</a></td><td>&nbsp;</td><td align
[2025-07-05T12:02:00.296+0000] {logging_mixin.py:151} INFO - Raw HTML sample: r>
<tr><td><a href="2020.csv.gz">2020.cs
[2025-07-05T12:02:00.297+0000] {logging_mixin.py:151} INFO - All links found: ['1750.csv.gz', '1763.csv.gz', '1764.csv.gz', '1765.csv.gz', '1766.csv.gz', '1767.csv.gz', '1768.csv.gz', '1769.csv.gz', '1770.csv.gz', '1771.csv.gz', '1772.csv.gz', '1773.csv.gz', '1774.csv.gz', '1775.csv.gz', '1776.csv.gz', '1777.csv.gz', '1778.csv.gz', '1779.csv.gz', '1780.csv.gz', '1781.csv.gz', '1782.csv.gz', '1783.csv.gz', '1784.csv.gz', '1785.csv.gz', '1786.csv.gz', '1787.csv.gz', '1788.csv.gz', '1789.csv.gz', '1790.csv.gz', '1791.csv.gz', '1792.csv.gz', '1793.csv.gz', '1794.csv.gz', '1795.csv.gz', '1796.csv.gz', '1797.csv.gz', '1798.csv.gz', '1799.csv.gz', '1800.csv.gz', '1801.csv.gz', '1802.csv.gz', '1803.csv.gz', '1804.csv.gz', '1805.csv.gz', '1806.csv.gz', '1807.csv.gz', '1808.csv.gz', '1809.csv.gz', '1810.csv.gz', '1811.csv.gz', '1812.csv.gz', '1813.csv.gz', '1814.csv.gz', '1815.csv.gz', '1816.csv.gz', '1817.csv.gz', '1818.csv.gz', '1819.csv.gz', '1820.csv.gz', '1821.csv.gz', '1822.csv.gz', '1823.csv.gz', '1824.csv.gz', '1825.csv.gz', '1826.csv.gz', '1827.csv.gz', '1828.csv.gz', '1829.csv.gz', '1830.csv.gz', '1831.csv.gz', '1832.csv.gz', '1833.csv.gz', '1834.csv.gz', '1835.csv.gz', '1836.csv.gz', '1837.csv.gz', '1838.csv.gz', '1839.csv.gz', '1840.csv.gz', '1841.csv.gz', '1842.csv.gz', '1843.csv.gz', '1844.csv.gz', '1845.csv.gz', '1846.csv.gz', '1847.csv.gz', '1848.csv.gz', '1849.csv.gz', '1850.csv.gz', '1851.csv.gz', '1852.csv.gz', '1853.csv.gz', '1854.csv.gz', '1855.csv.gz', '1856.csv.gz', '1857.csv.gz', '1858.csv.gz', '1859.csv.gz', '1860.csv.gz', '1861.csv.gz', '1862.csv.gz', '1863.csv.gz', '1864.csv.gz', '1865.csv.gz', '1866.csv.gz', '1867.csv.gz', '1868.csv.gz', '1869.csv.gz', '1870.csv.gz', '1871.csv.gz', '1872.csv.gz', '1873.csv.gz', '1874.csv.gz', '1875.csv.gz', '1876.csv.gz', '1877.csv.gz', '1878.csv.gz', '1879.csv.gz', '1880.csv.gz', '1881.csv.gz', '1882.csv.gz', '1883.csv.gz', '1884.csv.gz', '1885.csv.gz', '1886.csv.gz', '1887.csv.gz', '1888.csv.gz', '1889.csv.gz', '1890.csv.gz', '1891.csv.gz', '1892.csv.gz', '1893.csv.gz', '1894.csv.gz', '1895.csv.gz', '1896.csv.gz', '1897.csv.gz', '1898.csv.gz', '1899.csv.gz', '1900.csv.gz', '1901.csv.gz', '1902.csv.gz', '1903.csv.gz', '1904.csv.gz', '1905.csv.gz', '1906.csv.gz', '1907.csv.gz', '1908.csv.gz', '1909.csv.gz', '1910.csv.gz', '1911.csv.gz', '1912.csv.gz', '1913.csv.gz', '1914.csv.gz', '1915.csv.gz', '1916.csv.gz', '1917.csv.gz', '1918.csv.gz', '1919.csv.gz', '1920.csv.gz', '1921.csv.gz', '1922.csv.gz', '1923.csv.gz', '1924.csv.gz', '1925.csv.gz', '1926.csv.gz', '1927.csv.gz', '1928.csv.gz', '1929.csv.gz', '1930.csv.gz', '1931.csv.gz', '1932.csv.gz', '1933.csv.gz', '1934.csv.gz', '1935.csv.gz', '1936.csv.gz', '1937.csv.gz', '1938.csv.gz', '1939.csv.gz', '1940.csv.gz', '1941.csv.gz', '1942.csv.gz', '1943.csv.gz', '1944.csv.gz', '1945.csv.gz', '1946.csv.gz', '1947.csv.gz', '1948.csv.gz', '1949.csv.gz', '1950.csv.gz', '1951.csv.gz', '1952.csv.gz', '1953.csv.gz', '1954.csv.gz', '1955.csv.gz', '1956.csv.gz', '1957.csv.gz', '1958.csv.gz', '1959.csv.gz', '1960.csv.gz', '1961.csv.gz', '1962.csv.gz', '1963.csv.gz', '1964.csv.gz', '1965.csv.gz', '1966.csv.gz', '1967.csv.gz', '1968.csv.gz', '1969.csv.gz', '1970.csv.gz', '1971.csv.gz', '1972.csv.gz', '1973.csv.gz', '1974.csv.gz', '1975.csv.gz', '1976.csv.gz', '1977.csv.gz', '1978.csv.gz', '1979.csv.gz', '1980.csv.gz', '1981.csv.gz', '1982.csv.gz', '1983.csv.gz', '1984.csv.gz', '1985.csv.gz', '1986.csv.gz', '1987.csv.gz', '1988.csv.gz', '1989.csv.gz', '1990.csv.gz', '1991.csv.gz', '1992.csv.gz', '1993.csv.gz', '1994.csv.gz', '1995.csv.gz', '1996.csv.gz', '1997.csv.gz', '1998.csv.gz', '1999.csv.gz', '2000.csv.gz', '2001.csv.gz', '2002.csv.gz', '2003.csv.gz', '2004.csv.gz', '2005.csv.gz', '2006.csv.gz', '2007.csv.gz', '2008.csv.gz', '2009.csv.gz', '2010.csv.gz', '2011.csv.gz', '2012.csv.gz', '2013.csv.gz', '2014.csv.gz', '2015.csv.gz', '2016.csv.gz', '2017.csv.gz', '2018.csv.gz', '2019.csv.gz', '2020.csv.gz', '2021.csv.gz', '2022.csv.gz', '2023.csv.gz', '2024.csv.gz', '2025.csv.gz']
[2025-07-05T12:02:00.297+0000] {logging_mixin.py:151} INFO - Looking for years: [2020, 2021, 2022, 2023]
[2025-07-05T12:02:00.298+0000] {logging_mixin.py:151} INFO - Filtered links: ['2020.csv.gz', '2021.csv.gz', '2022.csv.gz', '2023.csv.gz']
[2025-07-05T12:02:00.299+0000] {python.py:194} INFO - Done. Returned value was: ['2020.csv.gz', '2021.csv.gz', '2022.csv.gz', '2023.csv.gz']
[2025-07-05T12:02:00.324+0000] {taskinstance.py:1398} INFO - Marking task as SUCCESS. dag_id=weather_data_pipeline, task_id=list_files, execution_date=20250705T120158, start_date=20250705T120159, end_date=20250705T120200
[2025-07-05T12:02:00.377+0000] {local_task_job_runner.py:228} INFO - Task exited with return code 0
[2025-07-05T12:02:00.486+0000] {taskinstance.py:2776} INFO - 4 downstream tasks scheduled from follow-on schedule check
