[2025-07-05T10:11:15.023+0000] {taskinstance.py:1157} INFO - Dependencies all met for dep_context=non-requeueable deps ti=<TaskInstance: weather_data_pipeline.list_files manual__2025-07-05T10:11:14.401964+00:00 [queued]>
[2025-07-05T10:11:15.026+0000] {taskinstance.py:1157} INFO - Dependencies all met for dep_context=requeueable deps ti=<TaskInstance: weather_data_pipeline.list_files manual__2025-07-05T10:11:14.401964+00:00 [queued]>
[2025-07-05T10:11:15.026+0000] {taskinstance.py:1359} INFO - Starting attempt 1 of 2
[2025-07-05T10:11:15.031+0000] {taskinstance.py:1380} INFO - Executing <Task(_PythonDecoratedOperator): list_files> on 2025-07-05 10:11:14.401964+00:00
[2025-07-05T10:11:15.033+0000] {standard_task_runner.py:57} INFO - Started process 649 to run task
[2025-07-05T10:11:15.035+0000] {standard_task_runner.py:84} INFO - Running: ['***', 'tasks', 'run', 'weather_data_pipeline', 'list_files', 'manual__2025-07-05T10:11:14.401964+00:00', '--job-id', '12', '--raw', '--subdir', 'DAGS_FOLDER/weather_data_pipeline.py', '--cfg-path', '/tmp/tmpllhs6al2']
[2025-07-05T10:11:15.036+0000] {standard_task_runner.py:85} INFO - Job 12: Subtask list_files
[2025-07-05T10:11:15.042+0000] {logging_mixin.py:151} WARNING - /home/***/.local/lib/python3.8/site-packages/***/settings.py:195 DeprecationWarning: The sql_alchemy_conn option in [core] has been moved to the sql_alchemy_conn option in [database] - the old setting has been used, but please update your config.
[2025-07-05T10:11:15.054+0000] {task_command.py:415} INFO - Running <TaskInstance: weather_data_pipeline.list_files manual__2025-07-05T10:11:14.401964+00:00 [running]> on host 50a81e38c03c
[2025-07-05T10:11:15.161+0000] {taskinstance.py:1660} INFO - Exporting env vars: AIRFLOW_CTX_DAG_OWNER='***' AIRFLOW_CTX_DAG_ID='weather_data_pipeline' AIRFLOW_CTX_TASK_ID='list_files' AIRFLOW_CTX_EXECUTION_DATE='2025-07-05T10:11:14.401964+00:00' AIRFLOW_CTX_TRY_NUMBER='1' AIRFLOW_CTX_DAG_RUN_ID='manual__2025-07-05T10:11:14.401964+00:00'
[2025-07-05T10:11:15.165+0000] {base.py:73} INFO - Using connection ID 'noaa_http' for task execution.
[2025-07-05T10:11:16.092+0000] {logging_mixin.py:151} INFO - Response status: 200
[2025-07-05T10:11:16.093+0000] {logging_mixin.py:151} INFO - Response length: 32680
[2025-07-05T10:11:16.094+0000] {logging_mixin.py:151} INFO - Response preview: <!DOCTYPE html>
<html lang="en" dir="ltr" prefix="content: http://purl.org/rss/1.0/modules/content/  dc: http://purl.org/dc/terms/  foaf: http://xmlns.com/foaf/0.1/  og: http://ogp.me/ns#  rdfs: http://www.w3.org/2000/01/rdf-schema#  schema: http://schema.org/  sioc: http://rdfs.org/sioc/ns#  sioct: http://rdfs.org/sioc/types#  skos: http://www.w3.org/2004/02/skos/core#  xsd: http://www.w3.org/2001/XMLSchema# ">
  <head>
            <meta charset="utf-8" />
<script async src="https://www.googlet
[2025-07-05T10:11:16.095+0000] {logging_mixin.py:151} INFO - Raw HTML sample: 
[2025-07-05T10:11:16.095+0000] {logging_mixin.py:151} INFO - All links found: []
[2025-07-05T10:11:16.095+0000] {logging_mixin.py:151} INFO - Looking for years: [2020, 2021, 2022, 2023]
[2025-07-05T10:11:16.096+0000] {logging_mixin.py:151} INFO - Filtered links: []
[2025-07-05T10:11:16.097+0000] {python.py:194} INFO - Done. Returned value was: []
[2025-07-05T10:11:16.118+0000] {taskinstance.py:1398} INFO - Marking task as SUCCESS. dag_id=weather_data_pipeline, task_id=list_files, execution_date=20250705T101114, start_date=20250705T101115, end_date=20250705T101116
[2025-07-05T10:11:16.140+0000] {local_task_job_runner.py:228} INFO - Task exited with return code 0
[2025-07-05T10:11:16.254+0000] {abstractoperator.py:568} INFO - Marking <TaskInstance: weather_data_pipeline.download_and_process manual__2025-07-05T10:11:14.401964+00:00 [None]> as SKIPPED since the map has 0 values to expand
[2025-07-05T10:11:16.258+0000] {taskinstance.py:2776} INFO - 0 downstream tasks scheduled from follow-on schedule check
