[2025-07-06T15:35:05.326+0000] {taskinstance.py:1157} INFO - Dependencies all met for dep_context=non-requeueable deps ti=<TaskInstance: weather_data_pipeline.list_files manual__2025-07-06T15:35:04.221482+00:00 [queued]>
[2025-07-06T15:35:05.329+0000] {taskinstance.py:1157} INFO - Dependencies all met for dep_context=requeueable deps ti=<TaskInstance: weather_data_pipeline.list_files manual__2025-07-06T15:35:04.221482+00:00 [queued]>
[2025-07-06T15:35:05.329+0000] {taskinstance.py:1359} INFO - Starting attempt 1 of 2
[2025-07-06T15:35:05.334+0000] {taskinstance.py:1380} INFO - Executing <Task(_PythonDecoratedOperator): list_files> on 2025-07-06 15:35:04.221482+00:00
[2025-07-06T15:35:05.337+0000] {standard_task_runner.py:57} INFO - Started process 272 to run task
[2025-07-06T15:35:05.339+0000] {standard_task_runner.py:84} INFO - Running: ['***', 'tasks', 'run', 'weather_data_pipeline', 'list_files', 'manual__2025-07-06T15:35:04.221482+00:00', '--job-id', '2', '--raw', '--subdir', 'DAGS_FOLDER/weather_data_pipeline.py', '--cfg-path', '/tmp/tmpz0q8tdbd']
[2025-07-06T15:35:05.341+0000] {standard_task_runner.py:85} INFO - Job 2: Subtask list_files
[2025-07-06T15:35:05.349+0000] {logging_mixin.py:151} WARNING - /home/***/.local/lib/python3.8/site-packages/***/settings.py:195 DeprecationWarning: The sql_alchemy_conn option in [core] has been moved to the sql_alchemy_conn option in [database] - the old setting has been used, but please update your config.
[2025-07-06T15:35:05.365+0000] {task_command.py:415} INFO - Running <TaskInstance: weather_data_pipeline.list_files manual__2025-07-06T15:35:04.221482+00:00 [running]> on host 2331dcd11242
[2025-07-06T15:35:05.507+0000] {taskinstance.py:1660} INFO - Exporting env vars: AIRFLOW_CTX_DAG_OWNER='***' AIRFLOW_CTX_DAG_ID='weather_data_pipeline' AIRFLOW_CTX_TASK_ID='list_files' AIRFLOW_CTX_EXECUTION_DATE='2025-07-06T15:35:04.221482+00:00' AIRFLOW_CTX_TRY_NUMBER='1' AIRFLOW_CTX_DAG_RUN_ID='manual__2025-07-06T15:35:04.221482+00:00'
[2025-07-06T15:35:05.514+0000] {taskinstance.py:1935} ERROR - Task failed with exception
Traceback (most recent call last):
  File "/home/airflow/.local/lib/python3.8/site-packages/airflow/decorators/base.py", line 221, in execute
    return_value = super().execute(context)
  File "/home/airflow/.local/lib/python3.8/site-packages/airflow/operators/python.py", line 192, in execute
    return_value = self.execute_callable()
  File "/home/airflow/.local/lib/python3.8/site-packages/airflow/operators/python.py", line 209, in execute_callable
    return self.python_callable(*self.op_args, **self.op_kwargs)
  File "/opt/airflow/dags/weather_data_pipeline.py", line 36, in list_files
    response = hook.run("/pub/data/ghcn/daily/by_year/")
  File "/home/airflow/.local/lib/python3.8/site-packages/airflow/providers/http/hooks/http.py", line 145, in run
    session = self.get_conn(headers)
  File "/home/airflow/.local/lib/python3.8/site-packages/airflow/providers/http/hooks/http.py", line 98, in get_conn
    conn = self.get_connection(self.http_conn_id)
  File "/home/airflow/.local/lib/python3.8/site-packages/airflow/hooks/base.py", line 72, in get_connection
    conn = Connection.get_connection_from_secrets(conn_id)
  File "/home/airflow/.local/lib/python3.8/site-packages/airflow/models/connection.py", line 477, in get_connection_from_secrets
    raise AirflowNotFoundException(f"The conn_id `{conn_id}` isn't defined")
airflow.exceptions.AirflowNotFoundException: The conn_id `noaa_http` isn't defined
[2025-07-06T15:35:05.516+0000] {taskinstance.py:1398} INFO - Marking task as UP_FOR_RETRY. dag_id=weather_data_pipeline, task_id=list_files, execution_date=20250706T153504, start_date=20250706T153505, end_date=20250706T153505
[2025-07-06T15:35:05.519+0000] {standard_task_runner.py:104} ERROR - Failed to execute job 2 for task list_files (The conn_id `noaa_http` isn't defined; 272)
[2025-07-06T15:35:05.533+0000] {local_task_job_runner.py:228} INFO - Task exited with return code 1
[2025-07-06T15:35:05.542+0000] {taskinstance.py:2776} INFO - 0 downstream tasks scheduled from follow-on schedule check
